\BOOKMARK [0][-]{chapter.1}{Introduction}{}% 1
\BOOKMARK [1][-]{section.1.1}{Outline}{chapter.1}% 2
\BOOKMARK [1][-]{section.1.2}{Background}{chapter.1}% 3
\BOOKMARK [1][-]{section.1.3}{Influenza surveillance}{chapter.1}% 4
\BOOKMARK [1][-]{section.1.4}{Spatiotemporal information from urban systems}{chapter.1}% 5
\BOOKMARK [1][-]{section.1.5}{Objectives}{chapter.1}% 6
\BOOKMARK [0][-]{chapter.2}{Related Works}{}% 7
\BOOKMARK [1][-]{section.2.1}{Seasonal influenza}{chapter.2}% 8
\BOOKMARK [1][-]{section.2.2}{The Ebola epidemic}{chapter.2}% 9
\BOOKMARK [1][-]{section.2.3}{Data management and critical infrastructure}{chapter.2}% 10
\BOOKMARK [1][-]{section.2.4}{Open source and Collection Intelligence}{chapter.2}% 11
\BOOKMARK [2][-]{subsection.2.4.1}{Spatiotemporal information from VGI}{section.2.4}% 12
\BOOKMARK [2][-]{subsection.2.4.2}{Google flu trends}{section.2.4}% 13
\BOOKMARK [2][-]{subsection.2.4.3}{Twitter}{section.2.4}% 14
\BOOKMARK [0][-]{chapter.3}{Datasets used}{}% 15
\BOOKMARK [1][-]{section.3.1}{The Norwegian Institute of Public Health}{chapter.3}% 16
\BOOKMARK [1][-]{section.3.2}{The Norwegian Public Roads Administration}{chapter.3}% 17
\BOOKMARK [1][-]{section.3.3}{Twitter}{chapter.3}% 18
\BOOKMARK [1][-]{section.3.4}{Kolumbus}{chapter.3}% 19
\BOOKMARK [1][-]{section.3.5}{Ruter}{chapter.3}% 20
\BOOKMARK [0][-]{chapter.4}{Implementation}{}% 21
\BOOKMARK [1][-]{section.4.1}{The Backend}{chapter.4}% 22
\BOOKMARK [2][-]{subsection.4.1.1}{The Norwegian Institute of Public Health}{section.4.1}% 23
\BOOKMARK [2][-]{subsection.4.1.2}{The Norwegian Public Roads Administration}{section.4.1}% 24
\BOOKMARK [2][-]{subsection.4.1.3}{Twitter}{section.4.1}% 25
\BOOKMARK [2][-]{subsection.4.1.4}{Kolumbus}{section.4.1}% 26
\BOOKMARK [2][-]{subsection.4.1.5}{Ruter}{section.4.1}% 27
\BOOKMARK [1][-]{section.4.2}{The Frontend}{chapter.4}% 28
\BOOKMARK [2][-]{subsection.4.2.1}{The GUI}{section.4.2}% 29
\BOOKMARK [2][-]{subsection.4.2.2}{The Map}{section.4.2}% 30
\BOOKMARK [3][-]{subsubsection.4.2.2.1}{Goompy}{subsection.4.2.2}% 31
\BOOKMARK [2][-]{subsection.4.2.3}{The Scrollbar}{section.4.2}% 32
\BOOKMARK [2][-]{subsection.4.2.4}{NIPH dataframe}{section.4.2}% 33
\BOOKMARK [2][-]{subsection.4.2.5}{NPRA dataframe}{section.4.2}% 34
\BOOKMARK [0][-]{chapter.5}{Results}{}% 35
\BOOKMARK [1][-]{section.5.1}{NPRA}{chapter.5}% 36
\BOOKMARK [1][-]{section.5.2}{Twitter}{chapter.5}% 37
\BOOKMARK [1][-]{section.5.3}{Kolumbus}{chapter.5}% 38
\BOOKMARK [1][-]{section.5.4}{Ruter}{chapter.5}% 39
\BOOKMARK [0][-]{chapter.6}{Discussion}{}% 40
\BOOKMARK [1][-]{section.6.1}{Project Management}{chapter.6}% 41
\BOOKMARK [1][-]{section.6.2}{Project resolutions}{chapter.6}% 42
\BOOKMARK [2][-]{subsection.6.2.1}{Graphical User Interface}{section.6.2}% 43
\BOOKMARK [2][-]{subsection.6.2.2}{Google Static Maps}{section.6.2}% 44
\BOOKMARK [1][-]{section.6.3}{Ethics}{chapter.6}% 45
\BOOKMARK [1][-]{section.6.4}{Bugs and other imperfect implementations}{chapter.6}% 46
\BOOKMARK [1][-]{section.6.5}{Future works}{chapter.6}% 47
\BOOKMARK [2][-]{subsection.6.5.1}{Test driven development}{section.6.5}% 48
\BOOKMARK [2][-]{subsection.6.5.2}{Database}{section.6.5}% 49
\BOOKMARK [2][-]{subsection.6.5.3}{Google static map}{section.6.5}% 50
\BOOKMARK [2][-]{subsection.6.5.4}{Additional features}{section.6.5}% 51
\BOOKMARK [0][-]{chapter.7}{Conclusion}{}% 52
\BOOKMARK [0][-]{appendix.A}{A.1 Source Code}{}% 53
